<?xml version="1.0" encoding="UTF-8"?>
<testng-results ignored="0" total="1" passed="1" failed="0" skipped="0">
  <reporter-output>
  </reporter-output>
  <suite started-at="2024-02-12T19:17:23 EET" name="Default suite" finished-at="2024-02-12T19:17:28 EET" duration-ms="5003">
    <groups>
    </groups>
    <test started-at="2024-02-12T19:17:23 EET" name="Default test" finished-at="2024-02-12T19:17:28 EET" duration-ms="5003">
      <class name="selenium.SuccessfulLoginTest">
        <test-method is-config="true" signature="setup()[pri:0, instance:selenium.SuccessfulLoginTest@5d0bf09b]" started-at="2024-02-12T19:17:23 EET" name="setup" finished-at="2024-02-12T19:17:27 EET" duration-ms="3967" status="PASS">
          <reporter-output>
          </reporter-output>
        </test-method> <!-- setup -->
        <test-method signature="succesfulLogin()[pri:1, instance:selenium.SuccessfulLoginTest@5d0bf09b]" started-at="2024-02-12T19:17:27 EET" name="succesfulLogin" finished-at="2024-02-12T19:17:28 EET" duration-ms="849" status="PASS">
          <reporter-output>
          </reporter-output>
        </test-method> <!-- succesfulLogin -->
        <test-method is-config="true" signature="tearDown()[pri:0, instance:selenium.SuccessfulLoginTest@5d0bf09b]" started-at="2024-02-12T19:17:28 EET" name="tearDown" finished-at="2024-02-12T19:17:28 EET" duration-ms="148" status="PASS">
          <reporter-output>
          </reporter-output>
        </test-method> <!-- tearDown -->
      </class> <!-- selenium.SuccessfulLoginTest -->
    </test> <!-- Default test -->
  </suite> <!-- Default suite -->
</testng-results>
